2020-10-13T21:52:26.153Z [grades-api] info: API Started
2020-10-13T21:54:10.800Z [grades-api] info: POST /grades/mediaStudent - 0
2020-10-13T21:54:19.625Z [grades-api] info: POST /grades - {"id":51,"student":"Rodrigo Brunnes","subject":"01 - JavaScript","type":"Trabalho Prático","timestamp":"2020-10-13T21:54:19.611Z"}
2020-10-13T21:54:21.825Z [grades-api] info: API Started
2020-10-13T21:54:28.968Z [grades-api] error: POST /grades - Os campos student, subject, type e value são obrigatórios.
2020-10-13T21:55:56.257Z [grades-api] info: POST /grades - {"id":52,"student":"Rodrigo Branas","subject":"02 - React","type":"Trabalho Prático","timestamp":"2020-10-13T21:55:56.247Z"}
2020-10-13T21:55:58.332Z [grades-api] info: API Started
2020-10-13T21:57:07.573Z [grades-api] info: PUT /grades - {"id":41,"student":"Rodrigo Branas","subject":"02 - React","type":"Trabalho Prático","value":13,"timestamp":"2020-05-19T18:21:25.240Z"}
2020-10-13T21:57:09.705Z [grades-api] info: API Started
2020-10-13T21:57:33.279Z [grades-api] info: PUT /grades - {"id":41,"student":"Rodrigo Branas","subject":"02 - JJJS","type":"Trabalho Prático","value":13,"timestamp":"2020-05-19T18:21:25.240Z"}
2020-10-13T21:57:35.726Z [grades-api] info: API Started
2020-10-13T21:57:55.119Z [grades-api] error: PUT /grades - Registro não encontrado
2020-10-13T21:58:34.825Z [grades-api] info: GET /grades/:id - 52
2020-10-13T21:58:36.891Z [grades-api] info: API Started
2020-10-13T21:58:44.233Z [grades-api] error: DELETE /grades - ID não encontrado
2020-10-13T21:59:04.901Z [grades-api] error: GET /grades - ID não encontrado
2020-10-13T21:59:45.040Z [grades-api] info: GET /grades/:id
2020-10-13T21:59:48.891Z [grades-api] error: GET /grades - ID não encontrado
2020-10-13T22:01:21.781Z [grades-api] info: POST /grades/mediaStudent - 78
2020-10-13T22:01:33.841Z [grades-api] error: POST /grades - Os campos student e  subject são obrigatórios.
2020-10-13T22:02:16.484Z [grades-api] error: POST /grades - Os campos student e  type são obrigatórios.
2020-10-13T22:03:19.792Z [grades-api] info: API Started
2020-10-13T22:03:23.246Z [grades-api] info: POST /grades/mediaSubject - 23.25
2020-10-13T22:03:32.468Z [grades-api] error: POST /grades - Os campos subject e  type são obrigatórios.
2020-10-13T22:03:54.603Z [grades-api] error: POST /grades - Os campos student e  type são obrigatórios.
2020-10-13T22:04:21.432Z [grades-api] info: API Started
2020-10-13T22:04:28.034Z [grades-api] info: POST /grades/bestGrades - 30,24,21
2020-10-13T22:04:38.438Z [grades-api] error: POST /grades - Os campos subject e  type são obrigatórios.
